/var/lib/lxc/nsa/config
/etc/NetworkManager/dnsmasq.d/local
/etc/network/openvswitch/create-ovs-sw-files-v2.sh
/etc/network/openvswitch/crt_ovs_sw1.sh
/etc/network/openvswitch/crt_ovs_sw2.sh
/etc/network/openvswitch/crt_ovs_sw3.sh
/etc/network/openvswitch/crt_ovs_sw4.sh
/etc/network/openvswitch/crt_ovs_sw5.sh
/etc/network/openvswitch/crt_ovs_sw6.sh
/etc/network/openvswitch/crt_ovs_sw7.sh
/etc/network/openvswitch/crt_ovs_sw8.sh
/etc/network/openvswitch/crt_ovs_sw9.sh
/etc/network/openvswitch/crt_ovs_sx1.sh
/etc/network/openvswitch/crt_ovs_vm1.sh
/etc/network/openvswitch/del-bridges.sh
/etc/network/openvswitch/strt_nsa.sh
/etc/network/openvswitch/veth_cleanups.sh
/etc/network/if-up.d/orabuntu-lxc-net
/etc/network/if-up.d/openvswitch/nsa-pub-ifup-sw1
/etc/network/if-up.d/openvswitch/nsa-pub-ifup-sx1
/etc/network/if-down.d/openvswitch/nsa-pub-ifdown-sw1
/etc/network/if-down.d/openvswitch/nsa-pub-ifdown-sx1
