rootfs/etc/NetworkManager/dnsmasq.d/local
rootfs/etc/nsswitch.conf
rootfs/etc/ntp.conf
rootfs/etc/selinux/config
rootfs/etc/ssh/sshd_config
rootfs/etc/sysconfig/network
rootfs/etc/sysconfig/network-scripts/ifcfg-eth0
rootfs/etc/sysconfig/ntpd
rootfs/home/grid/.bash_logout
rootfs/home/grid/.bash_profile
rootfs/home/grid/.bashrc
rootfs/home/grid/grid/rpm/cvuqdisk-1.0.9-1.rpm
rootfs/home/grid/.kshrc
rootfs/home/oracle/.bash_logout
rootfs/home/oracle/.bash_profile
rootfs/home/oracle/.bashrc
rootfs/home/oracle/.kshrc
rootfs/root/.bashrc
rootfs/root/create_directories.sh
rootfs/root/create_users.sh
rootfs/root/hugepages_setting.sh
rootfs/root/install_grid.sh
rootfs/root/packages.sh
rootfs/etc/fstab
rootfs/etc/security/limits.conf
rootfs/config.oracle.bak.oel5
rootfs/config.oracle.bak.oel6
rootfs/config.oracle.bak.oel7
rootfs/config.asm.flex.cluster
rootfs/etc/dhcp/dhclient.conf
rootfs/root/lxc-services.sh
rootfs/etc/rc.d/rc.local
rootfs/etc/sysctl.conf
rootfs/GNU3
rootfs/COPYING
