rootfs/root/create_directories.sh
rootfs/root/packages.sh
rootfs/root/install_grid.sh
rootfs/root/hugepages_setting.sh
rootfs/root/create_users.sh
rootfs/config.asm.flex.cluster
rootfs/home/grid/.bash_logout
rootfs/home/grid/.bash_profile
rootfs/home/grid/.kshrc
rootfs/etc/security/limits.conf
rootfs/etc/sysctl.conf
rootfs/root/.bashrc
rootfs/home/oracle/.bash_logout
rootfs/home/oracle/.bash_profile
rootfs/home/oracle/.bashrc
rootfs/home/grid/grid/rpm/cvuqdisk-1.0.9-1.rpm
rootfs/etc/fstab
rootfs/home/oracle/.kshrc
rootfs/home/grid/.bashrc
rootfs/root/lxc-services.sh
rootfs/GNU3
rootfs/COPYING
